;  LST file generated by mikroListExporter - v.2.0 
; Date/Time: 22-Apr-16 10:49:02 AM
;----------------------------------------------

;Address Opcode 	ASM
0x0000	0x2890      	GOTO       144
_interrupt:
0x0004	0x00FF      	MOVWF      R15
0x0005	0x0E03      	SWAPF      STATUS, 0
0x0006	0x0183      	CLRF       STATUS
0x0007	0x00BA      	MOVWF      ___saveSTATUS
0x0008	0x080A      	MOVF       PCLATH, 0
0x0009	0x00B9      	MOVWF      ___savePCLATH
0x000A	0x018A      	CLRF       PCLATH
;bismillah humidity.c,54 :: 		void interrupt(){
;bismillah humidity.c,55 :: 		if(PIR1.TMR2IF){
0x000B	0x1C8C      	BTFSS      PIR1, 1
0x000C	0x2811      	GOTO       L_interrupt22
;bismillah humidity.c,56 :: 		TOUT = 1;
0x000D	0x3001      	MOVLW      1
0x000E	0x00A0      	MOVWF      _TOUT
;bismillah humidity.c,57 :: 		T2CON.TMR2ON = 0; // stop timer
0x000F	0x1112      	BCF        T2CON, 2
;bismillah humidity.c,58 :: 		PIR1.TMR2IF  = 0; // Clear TMR0 interrupt flag
0x0010	0x108C      	BCF        PIR1, 1
;bismillah humidity.c,59 :: 		}
L_interrupt22:
;bismillah humidity.c,60 :: 		}
L_end_interrupt:
L__interrupt40:
0x0011	0x0839      	MOVF       ___savePCLATH, 0
0x0012	0x008A      	MOVWF      PCLATH
0x0013	0x0E3A      	SWAPF      ___saveSTATUS, 0
0x0014	0x0083      	MOVWF      STATUS
0x0015	0x0EFF      	SWAPF      R15, 1
0x0016	0x0E7F      	SWAPF      R15, 0
0x0017	0x0009      	RETFIE
; end of _interrupt
_____DoICP:
;__Lib_System.c,6 :: 		
;__Lib_System.c,9 :: 		
0x0018	0x1283      	BCF        STATUS, 5
0x0019	0x1303      	BCF        STATUS, 6
0x001A	0x0831      	MOVF       ___DoICPAddr+1, 0
0x001B	0x008A      	MOVWF      PCLATH
;__Lib_System.c,10 :: 		
0x001C	0x0830      	MOVF       ___DoICPAddr, 0
0x001D	0x0082      	MOVWF      PCL
;__Lib_System.c,12 :: 		
L_end_____DoICP:
0x001E	0x0008      	RETURN
; end of _____DoICP
___CC2DW:
;__Lib_System.c,134 :: 		
;__Lib_System.c,137 :: 		
_CC2D_Loop1:
;__Lib_System.c,139 :: 		
0x001F	0x2018      	CALL       _____DoICP
0x0020	0x118A      	BCF        PCLATH, 3
0x0021	0x120A      	BCF        PCLATH, 4
;__Lib_System.c,141 :: 		
0x0022	0x0080      	MOVWF      INDF
;__Lib_System.c,142 :: 		
0x0023	0x0A84      	INCF       FSR, 1
;__Lib_System.c,143 :: 		
0x0024	0x0AB0      	INCF       ___DoICPAddr, 1
;__Lib_System.c,145 :: 		
0x0025	0x1903      	BTFSC      STATUS, 2
;__Lib_System.c,146 :: 		
0x0026	0x0AB1      	INCF       ___DoICPAddr+1, 1
;__Lib_System.c,147 :: 		
0x0027	0x03F0      	DECF       R0, 1
;__Lib_System.c,149 :: 		
0x0028	0x1D03      	BTFSS      STATUS, 2
;__Lib_System.c,150 :: 		
0x0029	0x281F      	GOTO       _CC2D_Loop1
;__Lib_System.c,152 :: 		
L_end___CC2DW:
0x002A	0x0008      	RETURN
; end of ___CC2DW
_ReadByte:
;bismillah humidity.c,40 :: 		unsigned short ReadByte(){
;bismillah humidity.c,41 :: 		unsigned short num = 0, t;
0x002B	0x1283      	BCF        STATUS, 5
0x002C	0x1303      	BCF        STATUS, 6
0x002D	0x01BB      	CLRF       ReadByte_num_L0
;bismillah humidity.c,42 :: 		DataDir = 1;
0x002E	0x1683      	BSF        STATUS, 5
0x002F	0x1405      	BSF        TRISA0_bit, BitPos(TRISA0_bit+0)
;bismillah humidity.c,43 :: 		for (i=0; i<8; i++){
0x0030	0x1283      	BCF        STATUS, 5
0x0031	0x01AF      	CLRF       _i
L_ReadByte14:
0x0032	0x3008      	MOVLW      8
0x0033	0x022F      	SUBWF      _i, 0
0x0034	0x1803      	BTFSC      STATUS, 0
0x0035	0x2855      	GOTO       L_ReadByte15
;bismillah humidity.c,44 :: 		while(!Data);
L_ReadByte17:
0x0036	0x1805      	BTFSC      RA0_bit, BitPos(RA0_bit+0)
0x0037	0x2839      	GOTO       L_ReadByte18
0x0038	0x2836      	GOTO       L_ReadByte17
L_ReadByte18:
;bismillah humidity.c,45 :: 		TMR2 = 0;
0x0039	0x0191      	CLRF       TMR2
;bismillah humidity.c,46 :: 		T2CON.TMR2ON = 1;
0x003A	0x1512      	BSF        T2CON, 2
;bismillah humidity.c,47 :: 		while(Data);
L_ReadByte19:
0x003B	0x1C05      	BTFSS      RA0_bit, BitPos(RA0_bit+0)
0x003C	0x283E      	GOTO       L_ReadByte20
0x003D	0x283B      	GOTO       L_ReadByte19
L_ReadByte20:
;bismillah humidity.c,48 :: 		T2CON.TMR2ON = 0;
0x003E	0x1112      	BCF        T2CON, 2
;bismillah humidity.c,49 :: 		if(TMR2 > 40) num |= 1<<(7-i);  // If time > 40us, Data is 1
0x003F	0x0811      	MOVF       TMR2, 0
0x0040	0x3C28      	SUBLW      40
0x0041	0x1803      	BTFSC      STATUS, 0
0x0042	0x2853      	GOTO       L_ReadByte21
0x0043	0x082F      	MOVF       _i, 0
0x0044	0x3C07      	SUBLW      7
0x0045	0x00F0      	MOVWF      R0
0x0046	0x0870      	MOVF       R0, 0
0x0047	0x00F1      	MOVWF      R1
0x0048	0x3001      	MOVLW      1
0x0049	0x00F0      	MOVWF      R0
0x004A	0x0871      	MOVF       R1, 0
L__ReadByte37:
0x004B	0x1903      	BTFSC      STATUS, 2
0x004C	0x2851      	GOTO       L__ReadByte38
0x004D	0x0DF0      	RLF        R0, 1
0x004E	0x1070      	BCF        R0, 0
0x004F	0x3EFF      	ADDLW      255
0x0050	0x284B      	GOTO       L__ReadByte37
L__ReadByte38:
0x0051	0x0870      	MOVF       R0, 0
0x0052	0x04BB      	IORWF      ReadByte_num_L0, 1
L_ReadByte21:
;bismillah humidity.c,43 :: 		for (i=0; i<8; i++){
0x0053	0x0AAF      	INCF       _i, 1
;bismillah humidity.c,50 :: 		}
0x0054	0x2832      	GOTO       L_ReadByte14
L_ReadByte15:
;bismillah humidity.c,51 :: 		return num;
0x0055	0x083B      	MOVF       ReadByte_num_L0, 0
0x0056	0x00F0      	MOVWF      R0
;bismillah humidity.c,52 :: 		}
L_end_ReadByte:
0x0057	0x0008      	RETURN
; end of _ReadByte
_StartSignal:
;bismillah humidity.c,13 :: 		void StartSignal(){
;bismillah humidity.c,14 :: 		DataDir = 0;     // Data port is output
0x0058	0x1683      	BSF        STATUS, 5
0x0059	0x1303      	BCF        STATUS, 6
0x005A	0x1005      	BCF        TRISA0_bit, BitPos(TRISA0_bit+0)
;bismillah humidity.c,15 :: 		Data    = 0;
0x005B	0x1283      	BCF        STATUS, 5
0x005C	0x1005      	BCF        RA0_bit, BitPos(RA0_bit+0)
;bismillah humidity.c,16 :: 		Delay_ms(25);
0x005D	0x3021      	MOVLW      33
0x005E	0x00FC      	MOVWF      R12
0x005F	0x3076      	MOVLW      118
0x0060	0x00FD      	MOVWF      R13
L_StartSignal0:
0x0061	0x0BFD      	DECFSZ     R13, 1
0x0062	0x2861      	GOTO       L_StartSignal0
0x0063	0x0BFC      	DECFSZ     R12, 1
0x0064	0x2861      	GOTO       L_StartSignal0
0x0065	0x0000      	NOP
;bismillah humidity.c,17 :: 		Data    = 1;
0x0066	0x1405      	BSF        RA0_bit, BitPos(RA0_bit+0)
;bismillah humidity.c,18 :: 		Delay_us(30);
0x0067	0x3009      	MOVLW      9
0x0068	0x00FD      	MOVWF      R13
L_StartSignal1:
0x0069	0x0BFD      	DECFSZ     R13, 1
0x006A	0x2869      	GOTO       L_StartSignal1
0x006B	0x0000      	NOP
0x006C	0x0000      	NOP
;bismillah humidity.c,19 :: 		DataDir = 1;     // Data port is input
0x006D	0x1683      	BSF        STATUS, 5
0x006E	0x1405      	BSF        TRISA0_bit, BitPos(TRISA0_bit+0)
;bismillah humidity.c,21 :: 		}
L_end_StartSignal:
0x006F	0x0008      	RETURN
; end of _StartSignal
_CheckResponse:
;bismillah humidity.c,23 :: 		unsigned short CheckResponse(){
;bismillah humidity.c,24 :: 		TOUT = 0;
0x0070	0x1283      	BCF        STATUS, 5
0x0071	0x1303      	BCF        STATUS, 6
0x0072	0x01A0      	CLRF       _TOUT
;bismillah humidity.c,25 :: 		TMR2 = 0;
0x0073	0x0191      	CLRF       TMR2
;bismillah humidity.c,26 :: 		T2CON.TMR2ON = 1;      // start timer
0x0074	0x1512      	BSF        T2CON, 2
;bismillah humidity.c,27 :: 		while(!Data && !TOUT);
L_CheckResponse2:
0x0075	0x1805      	BTFSC      RA0_bit, BitPos(RA0_bit+0)
0x0076	0x287B      	GOTO       L_CheckResponse3
0x0077	0x0820      	MOVF       _TOUT, 0
0x0078	0x1D03      	BTFSS      STATUS, 2
0x0079	0x287B      	GOTO       L_CheckResponse3
L__CheckResponse33:
0x007A	0x2875      	GOTO       L_CheckResponse2
L_CheckResponse3:
;bismillah humidity.c,28 :: 		if (TOUT) return 0;
0x007B	0x0820      	MOVF       _TOUT, 0
0x007C	0x1903      	BTFSC      STATUS, 2
0x007D	0x2880      	GOTO       L_CheckResponse6
0x007E	0x01F0      	CLRF       R0
0x007F	0x288F      	GOTO       L_end_CheckResponse
L_CheckResponse6:
;bismillah humidity.c,30 :: 		TMR2 = 0;
0x0080	0x0191      	CLRF       TMR2
;bismillah humidity.c,31 :: 		while(Data && !TOUT);
L_CheckResponse8:
0x0081	0x1C05      	BTFSS      RA0_bit, BitPos(RA0_bit+0)
0x0082	0x2887      	GOTO       L_CheckResponse9
0x0083	0x0820      	MOVF       _TOUT, 0
0x0084	0x1D03      	BTFSS      STATUS, 2
0x0085	0x2887      	GOTO       L_CheckResponse9
L__CheckResponse32:
0x0086	0x2881      	GOTO       L_CheckResponse8
L_CheckResponse9:
;bismillah humidity.c,32 :: 		if (TOUT) return 0;
0x0087	0x0820      	MOVF       _TOUT, 0
0x0088	0x1903      	BTFSC      STATUS, 2
0x0089	0x288C      	GOTO       L_CheckResponse12
0x008A	0x01F0      	CLRF       R0
0x008B	0x288F      	GOTO       L_end_CheckResponse
L_CheckResponse12:
;bismillah humidity.c,34 :: 		T2CON.TMR2ON = 0;
0x008C	0x1112      	BCF        T2CON, 2
;bismillah humidity.c,35 :: 		return 1;
0x008D	0x3001      	MOVLW      1
0x008E	0x00F0      	MOVWF      R0
;bismillah humidity.c,38 :: 		}
L_end_CheckResponse:
0x008F	0x0008      	RETURN
; end of _CheckResponse
_main:
0x0090	0x1283      	BCF        STATUS, 5
0x0091	0x1303      	BCF        STATUS, 6
0x0092	0x01A0      	CLRF       _TOUT
0x0093	0x3054      	MOVLW      84
0x0094	0x00A1      	MOVWF      _message1
0x0095	0x3065      	MOVLW      101
0x0096	0x00A2      	MOVWF      34
0x0097	0x306D      	MOVLW      109
0x0098	0x00A3      	MOVWF      35
0x0099	0x3070      	MOVLW      112
0x009A	0x00A4      	MOVWF      36
0x009B	0x3020      	MOVLW      32
0x009C	0x00A5      	MOVWF      37
0x009D	0x303D      	MOVLW      61
0x009E	0x00A6      	MOVWF      38
0x009F	0x3020      	MOVLW      32
0x00A0	0x00A7      	MOVWF      39
0x00A1	0x3030      	MOVLW      48
0x00A2	0x00A8      	MOVWF      40
0x00A3	0x3030      	MOVLW      48
0x00A4	0x00A9      	MOVWF      41
0x00A5	0x302E      	MOVLW      46
0x00A6	0x00AA      	MOVWF      42
0x00A7	0x3030      	MOVLW      48
0x00A8	0x00AB      	MOVWF      43
0x00A9	0x3020      	MOVLW      32
0x00AA	0x00AC      	MOVWF      44
0x00AB	0x3043      	MOVLW      67
0x00AC	0x00AD      	MOVWF      45
0x00AD	0x01AE      	CLRF       46
;bismillah humidity.c,62 :: 		void main() {
;bismillah humidity.c,64 :: 		TRISB = 0;
0x00AE	0x1683      	BSF        STATUS, 5
0x00AF	0x0186      	CLRF       TRISB
;bismillah humidity.c,65 :: 		PORTB = 0;
0x00B0	0x1283      	BCF        STATUS, 5
0x00B1	0x0186      	CLRF       PORTB
;bismillah humidity.c,66 :: 		TRISA = 0b00100001;
0x00B2	0x3021      	MOVLW      33
0x00B3	0x1683      	BSF        STATUS, 5
0x00B4	0x0085      	MOVWF      TRISA
;bismillah humidity.c,67 :: 		CMCON = 7;
0x00B5	0x3007      	MOVLW      7
0x00B6	0x1283      	BCF        STATUS, 5
0x00B7	0x009F      	MOVWF      CMCON
;bismillah humidity.c,68 :: 		INTCON.GIE = 1;    //Enable global interrupt
0x00B8	0x178B      	BSF        INTCON, 7
;bismillah humidity.c,69 :: 		INTCON.PEIE = 1;   //Enable peripheral interrupt
0x00B9	0x170B      	BSF        INTCON, 6
;bismillah humidity.c,71 :: 		PIE1.TMR2IE = 1;  // Enable Timer2 interrupt
0x00BA	0x1683      	BSF        STATUS, 5
0x00BB	0x148C      	BSF        PIE1, 1
;bismillah humidity.c,72 :: 		T2CON = 0;        // Prescaler 1:1, and Timer2 is off initially
0x00BC	0x1283      	BCF        STATUS, 5
0x00BD	0x0192      	CLRF       T2CON
;bismillah humidity.c,73 :: 		PIR1.TMR2IF =0;   // Clear TMR INT Flag bit
0x00BE	0x108C      	BCF        PIR1, 1
;bismillah humidity.c,74 :: 		TMR2 = 0;
0x00BF	0x0191      	CLRF       TMR2
;bismillah humidity.c,76 :: 		delay_ms(3000);
0x00C0	0x3010      	MOVLW      16
0x00C1	0x00FB      	MOVWF      R11
0x00C2	0x3039      	MOVLW      57
0x00C3	0x00FC      	MOVWF      R12
0x00C4	0x300D      	MOVLW      13
0x00C5	0x00FD      	MOVWF      R13
L_main23:
0x00C6	0x0BFD      	DECFSZ     R13, 1
0x00C7	0x28C6      	GOTO       L_main23
0x00C8	0x0BFC      	DECFSZ     R12, 1
0x00C9	0x28C6      	GOTO       L_main23
0x00CA	0x0BFB      	DECFSZ     R11, 1
0x00CB	0x28C6      	GOTO       L_main23
0x00CC	0x0000      	NOP
0x00CD	0x0000      	NOP
;bismillah humidity.c,79 :: 		do {
L_main24:
;bismillah humidity.c,80 :: 		Delay_ms(1000);
0x00CE	0x3006      	MOVLW      6
0x00CF	0x00FB      	MOVWF      R11
0x00D0	0x3013      	MOVLW      19
0x00D1	0x00FC      	MOVWF      R12
0x00D2	0x30AD      	MOVLW      173
0x00D3	0x00FD      	MOVWF      R13
L_main27:
0x00D4	0x0BFD      	DECFSZ     R13, 1
0x00D5	0x28D4      	GOTO       L_main27
0x00D6	0x0BFC      	DECFSZ     R12, 1
0x00D7	0x28D4      	GOTO       L_main27
0x00D8	0x0BFB      	DECFSZ     R11, 1
0x00D9	0x28D4      	GOTO       L_main27
0x00DA	0x0000      	NOP
0x00DB	0x0000      	NOP
;bismillah humidity.c,81 :: 		StartSignal();
0x00DC	0x2058      	CALL       _StartSignal
;bismillah humidity.c,82 :: 		check = CheckResponse();
0x00DD	0x2070      	CALL       _CheckResponse
;bismillah humidity.c,83 :: 		if (!check) {
0x00DE	0x0870      	MOVF       R0, 0
0x00DF	0x1D03      	BTFSS      STATUS, 2
0x00E0	0x28E2      	GOTO       L_main28
;bismillah humidity.c,87 :: 		}
0x00E1	0x2916      	GOTO       L_main29
L_main28:
;bismillah humidity.c,90 :: 		RH_Byte1 = ReadByte();
0x00E2	0x202B      	CALL       _ReadByte
0x00E3	0x0870      	MOVF       R0, 0
0x00E4	0x00B2      	MOVWF      _RH_Byte1
;bismillah humidity.c,91 :: 		RH_Byte2 = ReadByte();
0x00E5	0x202B      	CALL       _ReadByte
0x00E6	0x0870      	MOVF       R0, 0
0x00E7	0x00B4      	MOVWF      _RH_Byte2
;bismillah humidity.c,92 :: 		T_Byte1 = ReadByte();
0x00E8	0x202B      	CALL       _ReadByte
0x00E9	0x0870      	MOVF       R0, 0
0x00EA	0x00B3      	MOVWF      _T_Byte1
;bismillah humidity.c,93 :: 		T_Byte2 = ReadByte();
0x00EB	0x202B      	CALL       _ReadByte
0x00EC	0x0870      	MOVF       R0, 0
0x00ED	0x00B7      	MOVWF      _T_Byte2
;bismillah humidity.c,94 :: 		CheckSum = ReadByte();
0x00EE	0x202B      	CALL       _ReadByte
0x00EF	0x0870      	MOVF       R0, 0
0x00F0	0x00B8      	MOVWF      _CheckSum
;bismillah humidity.c,96 :: 		if (CheckSum == ((RH_Byte1 + RH_Byte2 + T_Byte1 + T_Byte2) & 0xFF))
0x00F1	0x0834      	MOVF       _RH_Byte2, 0
0x00F2	0x0732      	ADDWF      _RH_Byte1, 0
0x00F3	0x00F1      	MOVWF      R1
0x00F4	0x01F2      	CLRF       R1+1
0x00F5	0x1803      	BTFSC      STATUS, 0
0x00F6	0x0AF2      	INCF       R1+1, 1
0x00F7	0x0833      	MOVF       _T_Byte1, 0
0x00F8	0x07F1      	ADDWF      R1, 1
0x00F9	0x1803      	BTFSC      STATUS, 0
0x00FA	0x0AF2      	INCF       R1+1, 1
0x00FB	0x0837      	MOVF       _T_Byte2, 0
0x00FC	0x07F1      	ADDWF      R1, 1
0x00FD	0x1803      	BTFSC      STATUS, 0
0x00FE	0x0AF2      	INCF       R1+1, 1
0x00FF	0x30FF      	MOVLW      255
0x0100	0x0571      	ANDWF      R1, 0
0x0101	0x00F3      	MOVWF      R3
0x0102	0x0872      	MOVF       R1+1, 0
0x0103	0x00F4      	MOVWF      R3+1
0x0104	0x3000      	MOVLW      0
0x0105	0x05F4      	ANDWF      R3+1, 1
0x0106	0x3000      	MOVLW      0
0x0107	0x0674      	XORWF      R3+1, 0
0x0108	0x1D03      	BTFSS      STATUS, 2
0x0109	0x290C      	GOTO       L__main42
0x010A	0x0873      	MOVF       R3, 0
0x010B	0x0670      	XORWF      R0, 0
L__main42:
0x010C	0x1D03      	BTFSS      STATUS, 2
0x010D	0x2916      	GOTO       L_main30
;bismillah humidity.c,104 :: 		message1[11] = 223;     // Degree symbol
0x010E	0x30DF      	MOVLW      223
0x010F	0x00AC      	MOVWF      _message1+11
;bismillah humidity.c,106 :: 		a =  RH_Byte1;
0x0110	0x0832      	MOVF       _RH_Byte1, 0
0x0111	0x00B5      	MOVWF      _a
0x0112	0x01B6      	CLRF       _a+1
;bismillah humidity.c,107 :: 		portb=a;
0x0113	0x0835      	MOVF       _a, 0
0x0114	0x0086      	MOVWF      PORTB
;bismillah humidity.c,112 :: 		}
0x0115	0x2916      	GOTO       L_main31
L_main30:
;bismillah humidity.c,118 :: 		}
L_main31:
;bismillah humidity.c,119 :: 		}
L_main29:
;bismillah humidity.c,121 :: 		}while(1);
0x0116	0x28CE      	GOTO       L_main24
;bismillah humidity.c,122 :: 		}
L_end_main:
0x0117	0x2917      	GOTO       $+0
; end of _main
Symbol List:
//** Routines locations **
//ADDRESS    SIZE    PROCEDURE
//----------------------------------------------
0x0004      [20]    _interrupt
0x0018       [7]    _____DoICP
0x001F      [12]    ___CC2DW
0x002B      [45]    _ReadByte
0x0058      [24]    _StartSignal
0x0070      [32]    _CheckResponse
0x0090     [136]    _main
//** Variables locations ** 
//ADDRESS    SIZE    VARIABLE
//----------------------------------------------
0x0000       [1]    INDF
0x0002       [1]    PCL
0x0003       [1]    STATUS
0x0004       [1]    FSR
0x0005       [0]    Data
0x0005       [0]    RA0_bit
0x0006       [1]    PORTB
0x000A       [1]    PCLATH
0x000B       [1]    INTCON
0x000C       [1]    PIR1
0x0011       [1]    TMR2
0x0012       [1]    T2CON
0x001F       [1]    CMCON
0x0020       [1]    _TOUT
0x0021      [14]    _message1
0x002F       [1]    _i
0x0030       [2]    ___DoICPAddr
0x0032       [1]    _RH_Byte1
0x0033       [1]    _T_Byte1
0x0034       [1]    _RH_Byte2
0x0035       [2]    _a
0x0037       [1]    _T_Byte2
0x0038       [1]    _CheckSum
0x0039       [1]    ___savePCLATH
0x003A       [1]    ___saveSTATUS
0x003B       [1]    ReadByte_num_L0
0x0070       [1]    R0
0x0071       [1]    R1
0x0072       [1]    R2
0x0073       [1]    R3
0x0074       [1]    R4
0x0075       [1]    R5
0x0076       [1]    R6
0x0077       [1]    R7
0x0078       [1]    R8
0x0079       [1]    R9
0x007A       [1]    R10
0x007B       [1]    R11
0x007C       [1]    R12
0x007D       [1]    R13
0x007E       [1]    R14
0x007F       [1]    R15
0x0085       [1]    TRISA
0x0085       [0]    DataDir
0x0085       [0]    TRISA0_bit
0x0086       [1]    TRISB
0x008C       [1]    PIE1
//** Label List: ** 
//----------------------------------------------
  L_StartSignal0
  L_StartSignal1
  L_CheckResponse2
  L_CheckResponse3
  L_CheckResponse4
  L_CheckResponse5
  L_CheckResponse6
  L_CheckResponse7
  L_CheckResponse8
  L_CheckResponse9
  L_CheckResponse10
  L_CheckResponse11
  L_CheckResponse12
  L_CheckResponse13
  L_ReadByte14
  L_ReadByte15
  L_ReadByte16
  L_ReadByte17
  L_ReadByte18
  L_ReadByte19
  L_ReadByte20
  L_ReadByte21
  L_interrupt22
  L_main23
  L_main24
  L_main25
  L_main26
  L_main27
  L_main28
  L_main29
  L_main30
  L_main31
  L__CheckResponse32
  L__CheckResponse33
  L_end_StartSignal
  _StartSignal
  L_end_CheckResponse
  _CheckResponse
  L_end_ReadByte
  _ReadByte
  L__ReadByte37
  L__ReadByte38
  L_end_interrupt
  _interrupt
  L__interrupt40
  L_end_main
  _main
  L__main42
  L_loopCA2AWs
  L_CA2AWend
  _CCA2AW_Loop1
  L_loopCS2Ss
  L_CS2Send
  _CCS2S_Loop1
  L_CCS2Send
  L_loopFZinSWs
  L_FZinSend
  _CC2D_Loop1
  L_end_____DoICP
  _____DoICP
  L_end_____DoIFC
  _____DoIFC
  L_end___CA2AW
  ___CA2AW
  L_end___CCA2AW
  ___CCA2AW
  L_end___CS2S
  ___CS2S
  L_end___CCS2S
  ___CCS2S
  L_end___FZinS
  ___FZinS
  L_end___CC2DW
  ___CC2DW
  L_end_Swap
  _Swap
  L_StartSignal0
  L_StartSignal1
  L_CheckResponse2
  L_CheckResponse3
  L_CheckResponse4
  L_CheckResponse5
  L_CheckResponse6
  L_CheckResponse7
  L_CheckResponse8
  L_CheckResponse9
  L_CheckResponse10
  L_CheckResponse11
  L_CheckResponse12
  L_CheckResponse13
  L_ReadByte14
  L_ReadByte15
  L_ReadByte16
  L_ReadByte17
  L_ReadByte18
  L_ReadByte19
  L_ReadByte20
  L_ReadByte21
  L_interrupt22
  L_main23
  L_main24
  L_main25
  L_main26
  L_main27
  L_main28
  L_main29
  L_main30
  L_main31
  L__CheckResponse32
  L__CheckResponse33
  L_end_StartSignal
  _StartSignal
  L_end_CheckResponse
  _CheckResponse
  L_end_ReadByte
  _ReadByte
  L__ReadByte37
  L__ReadByte38
  L_end_interrupt
  _interrupt
  L__interrupt40
  L_end_main
  _main
  L__main42
